<?xml version="1.0" encoding="UTF-8"?>
<testng-results ignored="0" total="1" passed="1" failed="0" skipped="0">
  <reporter-output>
  </reporter-output>
  <suite started-at="2023-08-06T11:54:19 IST" name="Default suite" finished-at="2023-08-06T12:23:33 IST" duration-ms="1753658">
    <groups>
    </groups>
    <test started-at="2023-08-06T11:54:19 IST" name="Default test" finished-at="2023-08-06T12:23:33 IST" duration-ms="1753658">
      <class name="project.phomas.LoginToPhomas">
        <test-method signature="phomasAutomation()[pri:0, instance:project.phomas.LoginToPhomas@644baf4a]" started-at="2023-08-06T11:54:19 IST" name="phomasAutomation" finished-at="2023-08-06T12:23:33 IST" duration-ms="1753583" status="PASS">
          <reporter-output>
          </reporter-output>
        </test-method> <!-- phomasAutomation -->
      </class> <!-- project.phomas.LoginToPhomas -->
    </test> <!-- Default test -->
  </suite> <!-- Default suite -->
</testng-results>
